<?xml version="1.0" encoding="UTF-8"?>
<!-- Generated by org.testng.reporters.JUnitReportReporter -->
<testsuite hostname="N-87GN3Z1" failures="0" tests="1" name="com.travelers.tests.SearchHotelTest" time="8.374" errors="0" timestamp="2019-03-15T16:47:46 CET" skipped="0">
  <testcase classname="com.travelers.tests.SearchHotelTest" name="searchHotelTest" time="8.374"/>
</testsuite> <!-- com.travelers.tests.SearchHotelTest -->
